Defaulting to user installation because normal site-packages is not writeable
Collecting deep-translator
  Downloading deep_translator-1.11.4-py3-none-any.whl (42 kB)
Collecting requests<3.0.0,>=2.23.0
  Downloading requests-2.32.5-py3-none-any.whl (64 kB)
Collecting beautifulsoup4<5.0.0,>=4.9.1
  Downloading beautifulsoup4-4.14.3-py3-none-any.whl (107 kB)
Collecting soupsieve>=1.6.1
  Downloading soupsieve-2.8.3-py3-none-any.whl (37 kB)
Collecting typing-extensions>=4.0.0
  Downloading typing_extensions-4.15.0-py3-none-any.whl (44 kB)
Collecting urllib3<3,>=1.21.1
  Downloading urllib3-2.6.3-py3-none-any.whl (131 kB)
Collecting idna<4,>=2.5
  Downloading idna-3.11-py3-none-any.whl (71 kB)
Collecting certifi>=2017.4.17
  Downloading certifi-2026.2.25-py3-none-any.whl (153 kB)
Collecting charset_normalizer<4,>=2
  Downloading charset_normalizer-3.4.7-cp39-cp39-macosx_10_9_universal2.whl (299 kB)
Installing collected packages: urllib3, typing-extensions, soupsieve, idna, charset-normalizer, certifi, requests, beautifulsoup4, deep-translator
  WARNING: The script normalizer is installed in '/Users/sehopark/Library/Python/3.9/bin' which is not on PATH.
  Consider adding this directory to PATH or, if you prefer to suppress this warning, use --no-warn-script-location.
  WARNING: The scripts deep-translator and dt are installed in '/Users/sehopark/Library/Python/3.9/bin' which is not on PATH.
  Consider adding this directory to PATH or, if you prefer to suppress this warning, use --no-warn-script-location.
Successfully installed beautifulsoup4-4.14.3 certifi-2026.2.25 charset-normalizer-3.4.7 deep-translator-1.11.4 idna-3.11 requests-2.32.5 soupsieve-2.8.3 typing-extensions-4.15.0 urllib3-2.6.3
WARNING: You are using pip version 21.2.4; however, version 26.0.1 is available.
You should consider upgrading via the '/Library/Developer/CommandLineTools/usr/bin/python3 -m pip install --upgrade pip' command.
/Users/sehopark/Library/Python/3.9/lib/python/site-packages/urllib3/__init__.py:35: NotOpenSSLWarning: urllib3 v2 only supports OpenSSL 1.1.1+, currently the 'ssl' module is compiled with 'LibreSSL 2.8.3'. See: https://github.com/urllib3/urllib3/issues/3020
  warnings.warn(
Opening PDF: /Users/sehopark/Desktop/Karen-Dic2/dictionary-_karen-to-english_unknown_source.pdf
Found 6318 word entries. Beginning translation...
[50/6318] Translated so far. Saving progress...
[100/6318] Translated so far. Saving progress...
[150/6318] Translated so far. Saving progress...
[200/6318] Translated so far. Saving progress...
[250/6318] Translated so far. Saving progress...
[300/6318] Translated so far. Saving progress...
[350/6318] Translated so far. Saving progress...
[400/6318] Translated so far. Saving progress...
[450/6318] Translated so far. Saving progress...
[500/6318] Translated so far. Saving progress...
[550/6318] Translated so far. Saving progress...
[600/6318] Translated so far. Saving progress...
[650/6318] Translated so far. Saving progress...
[700/6318] Translated so far. Saving progress...
[750/6318] Translated so far. Saving progress...
Translation error on word '*Hmfurl.fw>f': to grind; to crush into tiny pieces. e.g. to grind wheat to make flour --> No translation was found using the current translator. Try another translator?
[800/6318] Translated so far. Saving progress...
[850/6318] Translated so far. Saving progress...
Translation error on word 'ChuhR': to claim; to ask for something back that belongs to you --> No translation was found using the current translator. Try another translator?
Translation error on word 'Ch>fpH.f': to gallop; the action of a horse running --> No translation was found using the current translator. Try another translator?
[900/6318] Translated so far. Saving progress...
[950/6318] Translated so far. Saving progress...
[1000/6318] Translated so far. Saving progress...
[1050/6318] Translated so far. Saving progress...
[1100/6318] Translated so far. Saving progress...
[1150/6318] Translated so far. Saving progress...
[1200/6318] Translated so far. Saving progress...
[1250/6318] Translated so far. Saving progress...
[1300/6318] Translated so far. Saving progress...
[1350/6318] Translated so far. Saving progress...
[1400/6318] Translated so far. Saving progress...
[1450/6318] Translated so far. Saving progress...
[1500/6318] Translated so far. Saving progress...
[1550/6318] Translated so far. Saving progress...
[1600/6318] Translated so far. Saving progress...
[1650/6318] Translated so far. Saving progress...
[1700/6318] Translated so far. Saving progress...
[1750/6318] Translated so far. Saving progress...
[1800/6318] Translated so far. Saving progress...
Translation error on word 'w>fwnDEk>f': a novelty; something new or unusual --> No translation was found using the current translator. Try another translator?
[1850/6318] Translated so far. Saving progress...
[1900/6318] Translated so far. Saving progress...
[1950/6318] Translated so far. Saving progress...
[2000/6318] Translated so far. Saving progress...
[2050/6318] Translated so far. Saving progress...
[2100/6318] Translated so far. Saving progress...
[2150/6318] Translated so far. Saving progress...
[2200/6318] Translated so far. Saving progress...
[2250/6318] Translated so far. Saving progress...
[2300/6318] Translated so far. Saving progress...
[2350/6318] Translated so far. Saving progress...
[2400/6318] Translated so far. Saving progress...
[2450/6318] Translated so far. Saving progress...
[2500/6318] Translated so far. Saving progress...
[2550/6318] Translated so far. Saving progress...
[2600/6318] Translated so far. Saving progress...
[2650/6318] Translated so far. Saving progress...
Translation error on word 'wGH>f': 1. to drag, to haul; to pull something heavy along.  2. to tow; to pull along with a rope or chain --> No translation was found using the current translator. Try another translator?
[2700/6318] Translated so far. Saving progress...
Translation error on word 'wGH>f-wLmf': to trail; to drag along the ground --> No translation was found using the current translator. Try another translator?
Translation error on word 'wGH>fvDR': to launch; to push a boat into the river x --> No translation was found using the current translator. Try another translator?
Translation error on word 'x;ud>f': an iron; an instrument used to iron clothes --> No translation was found using the current translator. Try another translator?
[2750/6318] Translated so far. Saving progress...
[2800/6318] Translated so far. Saving progress...
[2850/6318] Translated so far. Saving progress...
[2900/6318] Translated so far. Saving progress...
[2950/6318] Translated so far. Saving progress...
[3000/6318] Translated so far. Saving progress...
[3050/6318] Translated so far. Saving progress...
[3100/6318] Translated so far. Saving progress...
